Determining if the pthread_create exist failed with the following output:
Change Dir: /media/ubuntu/44d1e989-7cbc-4e71-a6ee-d9d3754efdd3/meccabrain/build/CMakeFiles/CMakeTmp

Run Build Command:"/usr/bin/make" "cmTC_9f0bd/fast"
/usr/bin/make -f CMakeFiles/cmTC_9f0bd.dir/build.make CMakeFiles/cmTC_9f0bd.dir/build
make[1]: Entering directory '/media/ubuntu/44d1e989-7cbc-4e71-a6ee-d9d3754efdd3/meccabrain/build/CMakeFiles/CMakeTmp'
Building C object CMakeFiles/cmTC_9f0bd.dir/CheckSymbolExists.c.o
/usr/bin/cc     -o CMakeFiles/cmTC_9f0bd.dir/CheckSymbolExists.c.o   -c /media/ubuntu/44d1e989-7cbc-4e71-a6ee-d9d3754efdd3/meccabrain/build/CMakeFiles/CMakeTmp/CheckSymbolExists.c
Linking C executable cmTC_9f0bd
/usr/bin/cmake -E cmake_link_script CMakeFiles/cmTC_9f0bd.dir/link.txt --verbose=1
/usr/bin/cc       CMakeFiles/cmTC_9f0bd.dir/CheckSymbolExists.c.o  -o cmTC_9f0bd -rdynamic 
CMakeFiles/cmTC_9f0bd.dir/CheckSymbolExists.c.o: In function `main':
CheckSymbolExists.c:(.text+0x14): undefined reference to `pthread_create'
CheckSymbolExists.c:(.text+0x18): undefined reference to `pthread_create'
collect2: error: ld returned 1 exit status
CMakeFiles/cmTC_9f0bd.dir/build.make:97: recipe for target 'cmTC_9f0bd' failed
make[1]: *** [cmTC_9f0bd] Error 1
make[1]: Leaving directory '/media/ubuntu/44d1e989-7cbc-4e71-a6ee-d9d3754efdd3/meccabrain/build/CMakeFiles/CMakeTmp'
Makefile:126: recipe for target 'cmTC_9f0bd/fast' failed
make: *** [cmTC_9f0bd/fast] Error 2

File /media/ubuntu/44d1e989-7cbc-4e71-a6ee-d9d3754efdd3/meccabrain/build/CMakeFiles/CMakeTmp/CheckSymbolExists.c:
/* */
#include <pthread.h>

int main(int argc, char** argv)
{
  (void)argv;
#ifndef pthread_create
  return ((int*)(&pthread_create))[argc];
#else
  (void)argc;
  return 0;
#endif
}

Determining if the function pthread_create exists in the pthreads failed with the following output:
Change Dir: /media/ubuntu/44d1e989-7cbc-4e71-a6ee-d9d3754efdd3/meccabrain/build/CMakeFiles/CMakeTmp

Run Build Command:"/usr/bin/make" "cmTC_2997e/fast"
/usr/bin/make -f CMakeFiles/cmTC_2997e.dir/build.make CMakeFiles/cmTC_2997e.dir/build
make[1]: Entering directory '/media/ubuntu/44d1e989-7cbc-4e71-a6ee-d9d3754efdd3/meccabrain/build/CMakeFiles/CMakeTmp'
Building C object CMakeFiles/cmTC_2997e.dir/CheckFunctionExists.c.o
/usr/bin/cc    -DCHECK_FUNCTION_EXISTS=pthread_create   -o CMakeFiles/cmTC_2997e.dir/CheckFunctionExists.c.o   -c /usr/share/cmake-3.5/Modules/CheckFunctionExists.c
Linking C executable cmTC_2997e
/usr/bin/cmake -E cmake_link_script CMakeFiles/cmTC_2997e.dir/link.txt --verbose=1
/usr/bin/cc   -DCHECK_FUNCTION_EXISTS=pthread_create    CMakeFiles/cmTC_2997e.dir/CheckFunctionExists.c.o  -o cmTC_2997e -rdynamic -lpthreads 
/usr/bin/ld: cannot find -lpthreads
collect2: error: ld returned 1 exit status
CMakeFiles/cmTC_2997e.dir/build.make:97: recipe for target 'cmTC_2997e' failed
make[1]: *** [cmTC_2997e] Error 1
make[1]: Leaving directory '/media/ubuntu/44d1e989-7cbc-4e71-a6ee-d9d3754efdd3/meccabrain/build/CMakeFiles/CMakeTmp'
Makefile:126: recipe for target 'cmTC_2997e/fast' failed
make: *** [cmTC_2997e/fast] Error 2


